<?xml version="1.0" encoding="UTF-8"?>
<testng-results ignored="0" total="2" passed="2" failed="0" skipped="0">
  <reporter-output>
    <line>
      <![CDATA[open browser]]>
    </line>
    <line>
      <![CDATA[login ]]>
    </line>
    <line>
      <![CDATA[create customer]]>
    </line>
    <line>
      <![CDATA[logout]]>
    </line>
    <line>
      <![CDATA[login ]]>
    </line>
    <line>
      <![CDATA[delete customer]]>
    </line>
    <line>
      <![CDATA[logout]]>
    </line>
    <line>
      <![CDATA[close browser]]>
    </line>
  </reporter-output>
  <suite started-at="2022-06-14T08:18:12 IST" name="Suite" finished-at="2022-06-14T08:18:12 IST" duration-ms="43">
    <groups>
    </groups>
    <test started-at="2022-06-14T08:18:12 IST" name="Test" finished-at="2022-06-14T08:18:12 IST" duration-ms="43">
      <class name="TESTNG.Annotation1">
        <test-method is-config="true" signature="openbrowser()[pri:0, instance:TESTNG.Annotation1@76c3e77a]" started-at="2022-06-14T08:18:12 IST" name="openbrowser" finished-at="2022-06-14T08:18:12 IST" duration-ms="11" status="PASS">
          <reporter-output>
            <line>
              <![CDATA[open browser]]>
            </line>
          </reporter-output>
        </test-method> <!-- openbrowser -->
        <test-method is-config="true" signature="login()[pri:0, instance:TESTNG.Annotation1@76c3e77a]" started-at="2022-06-14T08:18:12 IST" name="login" finished-at="2022-06-14T08:18:12 IST" duration-ms="0" status="PASS">
          <reporter-output>
            <line>
              <![CDATA[login ]]>
            </line>
          </reporter-output>
        </test-method> <!-- login -->
        <test-method signature="createcustomer()[pri:0, instance:TESTNG.Annotation1@76c3e77a]" started-at="2022-06-14T08:18:12 IST" name="createcustomer" finished-at="2022-06-14T08:18:12 IST" duration-ms="5" status="PASS">
          <reporter-output>
            <line>
              <![CDATA[create customer]]>
            </line>
          </reporter-output>
        </test-method> <!-- createcustomer -->
        <test-method is-config="true" signature="logout()[pri:0, instance:TESTNG.Annotation1@76c3e77a]" started-at="2022-06-14T08:18:12 IST" name="logout" finished-at="2022-06-14T08:18:12 IST" duration-ms="1" status="PASS">
          <reporter-output>
            <line>
              <![CDATA[logout]]>
            </line>
          </reporter-output>
        </test-method> <!-- logout -->
        <test-method is-config="true" signature="login()[pri:0, instance:TESTNG.Annotation1@76c3e77a]" started-at="2022-06-14T08:18:12 IST" name="login" finished-at="2022-06-14T08:18:12 IST" duration-ms="0" status="PASS">
          <reporter-output>
            <line>
              <![CDATA[login ]]>
            </line>
          </reporter-output>
        </test-method> <!-- login -->
        <test-method signature="deletecustomer()[pri:0, instance:TESTNG.Annotation1@76c3e77a]" started-at="2022-06-14T08:18:12 IST" name="deletecustomer" finished-at="2022-06-14T08:18:12 IST" duration-ms="1" status="PASS">
          <reporter-output>
            <line>
              <![CDATA[delete customer]]>
            </line>
          </reporter-output>
        </test-method> <!-- deletecustomer -->
        <test-method is-config="true" signature="logout()[pri:0, instance:TESTNG.Annotation1@76c3e77a]" started-at="2022-06-14T08:18:12 IST" name="logout" finished-at="2022-06-14T08:18:12 IST" duration-ms="0" status="PASS">
          <reporter-output>
            <line>
              <![CDATA[logout]]>
            </line>
          </reporter-output>
        </test-method> <!-- logout -->
        <test-method is-config="true" signature="closebrowser()[pri:0, instance:TESTNG.Annotation1@76c3e77a]" started-at="2022-06-14T08:18:12 IST" name="closebrowser" finished-at="2022-06-14T08:18:12 IST" duration-ms="0" status="PASS">
          <reporter-output>
            <line>
              <![CDATA[close browser]]>
            </line>
          </reporter-output>
        </test-method> <!-- closebrowser -->
      </class> <!-- TESTNG.Annotation1 -->
    </test> <!-- Test -->
  </suite> <!-- Suite -->
</testng-results>
